{"/home/thuetzen/playground/lifepoints/frontend/src/utils/addOpacity.js": {"path":"/home/thuetzen/playground/lifepoints/frontend/src/utils/addOpacity.js","statementMap":{"0":{"start":{"line":1,"column":26},"end":{"line":22,"column":1}},"1":{"start":{"line":2,"column":2},"end":{"line":2,"column":35}},"2":{"start":{"line":2,"column":14},"end":{"line":2,"column":35}},"3":{"start":{"line":4,"column":2},"end":{"line":6,"column":3}},"4":{"start":{"line":5,"column":4},"end":{"line":5,"column":70}},"5":{"start":{"line":8,"column":2},"end":{"line":19,"column":3}},"6":{"start":{"line":9,"column":14},"end":{"line":9,"column":19}},"7":{"start":{"line":11,"column":4},"end":{"line":13,"column":5}},"8":{"start":{"line":12,"column":6},"end":{"line":12,"column":70}},"9":{"start":{"line":15,"column":18},"end":{"line":17,"column":23}},"10":{"start":{"line":18,"column":4},"end":{"line":18,"column":28}},"11":{"start":{"line":21,"column":2},"end":{"line":21,"column":15}}},"fnMap":{"0":{"name":"(anonymous_0)","decl":{"start":{"line":1,"column":26},"end":{"line":1,"column":27}},"loc":{"start":{"line":1,"column":46},"end":{"line":22,"column":1}},"line":1}},"branchMap":{"0":{"loc":{"start":{"line":2,"column":2},"end":{"line":2,"column":35}},"type":"if","locations":[{"start":{"line":2,"column":2},"end":{"line":2,"column":35}},{"start":{},"end":{}}],"line":2},"1":{"loc":{"start":{"line":4,"column":2},"end":{"line":6,"column":3}},"type":"if","locations":[{"start":{"line":4,"column":2},"end":{"line":6,"column":3}},{"start":{},"end":{}}],"line":4},"2":{"loc":{"start":{"line":8,"column":2},"end":{"line":19,"column":3}},"type":"if","locations":[{"start":{"line":8,"column":2},"end":{"line":19,"column":3}},{"start":{},"end":{}}],"line":8},"3":{"loc":{"start":{"line":11,"column":4},"end":{"line":13,"column":5}},"type":"if","locations":[{"start":{"line":11,"column":4},"end":{"line":13,"column":5}},{"start":{},"end":{}}],"line":11}},"s":{"0":1,"1":7,"2":3,"3":4,"4":1,"5":3,"6":2,"7":2,"8":1,"9":2,"10":2,"11":1},"f":{"0":7},"b":{"0":[3,4],"1":[1,3],"2":[2,1],"3":[1,1]},"_coverageSchema":"1a1c01bbd47fc00a2c39e90264f33305004495a9","hash":"92c45b6c86c72a1c50f4720ce69be7af0d350ea7"}
,"/home/thuetzen/playground/lifepoints/frontend/src/utils/helpers.js": {"path":"/home/thuetzen/playground/lifepoints/frontend/src/utils/helpers.js","statementMap":{"0":{"start":{"line":1,"column":25},"end":{"line":3,"column":1}},"1":{"start":{"line":2,"column":2},"end":{"line":2,"column":50}},"2":{"start":{"line":5,"column":26},"end":{"line":8,"column":1}},"3":{"start":{"line":6,"column":2},"end":{"line":6,"column":22}},"4":{"start":{"line":6,"column":12},"end":{"line":6,"column":22}},"5":{"start":{"line":7,"column":2},"end":{"line":7,"column":52}},"6":{"start":{"line":10,"column":32},"end":{"line":26,"column":1}},"7":{"start":{"line":11,"column":2},"end":{"line":11,"column":28}},"8":{"start":{"line":11,"column":18},"end":{"line":11,"column":28}},"9":{"start":{"line":12,"column":15},"end":{"line":12,"column":34}},"10":{"start":{"line":13,"column":16},"end":{"line":13,"column":26}},"11":{"start":{"line":16,"column":4},"end":{"line":18,"column":46}},"12":{"start":{"line":20,"column":2},"end":{"line":23,"column":3}},"13":{"start":{"line":22,"column":4},"end":{"line":22,"column":79}},"14":{"start":{"line":25,"column":2},"end":{"line":25,"column":35}},"15":{"start":{"line":28,"column":31},"end":{"line":61,"column":1}},"16":{"start":{"line":29,"column":2},"end":{"line":29,"column":44}},"17":{"start":{"line":29,"column":34},"end":{"line":29,"column":44}},"18":{"start":{"line":31,"column":17},"end":{"line":31,"column":19}},"19":{"start":{"line":32,"column":16},"end":{"line":32,"column":26}},"20":{"start":{"line":33,"column":2},"end":{"line":33,"column":29}},"21":{"start":{"line":35,"column":20},"end":{"line":35,"column":35}},"22":{"start":{"line":36,"column":2},"end":{"line":36,"column":45}},"23":{"start":{"line":38,"column":2},"end":{"line":55,"column":5}},"24":{"start":{"line":39,"column":21},"end":{"line":39,"column":46}},"25":{"start":{"line":40,"column":20},"end":{"line":40,"column":38}},"26":{"start":{"line":41,"column":4},"end":{"line":41,"column":33}},"27":{"start":{"line":43,"column":23},"end":{"line":43,"column":52}},"28":{"start":{"line":45,"column":4},"end":{"line":49,"column":5}},"29":{"start":{"line":46,"column":6},"end":{"line":46,"column":32}},"30":{"start":{"line":47,"column":11},"end":{"line":49,"column":5}},"31":{"start":{"line":48,"column":6},"end":{"line":48,"column":36}},"32":{"start":{"line":51,"column":4},"end":{"line":53,"column":5}},"33":{"start":{"line":52,"column":6},"end":{"line":52,"column":32}},"34":{"start":{"line":54,"column":4},"end":{"line":54,"column":36}},"35":{"start":{"line":57,"column":2},"end":{"line":60,"column":6}},"36":{"start":{"line":57,"column":45},"end":{"line":60,"column":3}}},"fnMap":{"0":{"name":"(anonymous_0)","decl":{"start":{"line":1,"column":25},"end":{"line":1,"column":26}},"loc":{"start":{"line":1,"column":35},"end":{"line":3,"column":1}},"line":1},"1":{"name":"(anonymous_1)","decl":{"start":{"line":5,"column":26},"end":{"line":5,"column":27}},"loc":{"start":{"line":5,"column":35},"end":{"line":8,"column":1}},"line":5},"2":{"name":"(anonymous_2)","decl":{"start":{"line":10,"column":32},"end":{"line":10,"column":33}},"loc":{"start":{"line":10,"column":47},"end":{"line":26,"column":1}},"line":10},"3":{"name":"(anonymous_3)","decl":{"start":{"line":28,"column":31},"end":{"line":28,"column":32}},"loc":{"start":{"line":28,"column":55},"end":{"line":61,"column":1}},"line":28},"4":{"name":"(anonymous_4)","decl":{"start":{"line":38,"column":15},"end":{"line":38,"column":16}},"loc":{"start":{"line":38,"column":25},"end":{"line":55,"column":3}},"line":38},"5":{"name":"(anonymous_5)","decl":{"start":{"line":57,"column":33},"end":{"line":57,"column":34}},"loc":{"start":{"line":57,"column":45},"end":{"line":60,"column":3}},"line":57}},"branchMap":{"0":{"loc":{"start":{"line":2,"column":9},"end":{"line":2,"column":49}},"type":"binary-expr","locations":[{"start":{"line":2,"column":9},"end":{"line":2,"column":24}},{"start":{"line":2,"column":28},"end":{"line":2,"column":37}},{"start":{"line":2,"column":41},"end":{"line":2,"column":49}}],"line":2},"1":{"loc":{"start":{"line":6,"column":2},"end":{"line":6,"column":22}},"type":"if","locations":[{"start":{"line":6,"column":2},"end":{"line":6,"column":22}},{"start":{},"end":{}}],"line":6},"2":{"loc":{"start":{"line":11,"column":2},"end":{"line":11,"column":28}},"type":"if","locations":[{"start":{"line":11,"column":2},"end":{"line":11,"column":28}},{"start":{},"end":{}}],"line":11},"3":{"loc":{"start":{"line":16,"column":4},"end":{"line":18,"column":46}},"type":"binary-expr","locations":[{"start":{"line":16,"column":4},"end":{"line":16,"column":38}},{"start":{"line":17,"column":4},"end":{"line":17,"column":40}},{"start":{"line":18,"column":4},"end":{"line":18,"column":46}}],"line":16},"4":{"loc":{"start":{"line":20,"column":2},"end":{"line":23,"column":3}},"type":"if","locations":[{"start":{"line":20,"column":2},"end":{"line":23,"column":3}},{"start":{},"end":{}}],"line":20},"5":{"loc":{"start":{"line":29,"column":2},"end":{"line":29,"column":44}},"type":"if","locations":[{"start":{"line":29,"column":2},"end":{"line":29,"column":44}},{"start":{},"end":{}}],"line":29},"6":{"loc":{"start":{"line":29,"column":6},"end":{"line":29,"column":32}},"type":"binary-expr","locations":[{"start":{"line":29,"column":6},"end":{"line":29,"column":11}},{"start":{"line":29,"column":15},"end":{"line":29,"column":32}}],"line":29},"7":{"loc":{"start":{"line":45,"column":4},"end":{"line":49,"column":5}},"type":"if","locations":[{"start":{"line":45,"column":4},"end":{"line":49,"column":5}},{"start":{"line":47,"column":11},"end":{"line":49,"column":5}}],"line":45},"8":{"loc":{"start":{"line":47,"column":11},"end":{"line":49,"column":5}},"type":"if","locations":[{"start":{"line":47,"column":11},"end":{"line":49,"column":5}},{"start":{},"end":{}}],"line":47},"9":{"loc":{"start":{"line":51,"column":4},"end":{"line":53,"column":5}},"type":"if","locations":[{"start":{"line":51,"column":4},"end":{"line":53,"column":5}},{"start":{},"end":{}}],"line":51}},"s":{"0":1,"1":0,"2":1,"3":1,"4":0,"5":1,"6":1,"7":0,"8":0,"9":0,"10":0,"11":0,"12":0,"13":0,"14":0,"15":1,"16":0,"17":0,"18":0,"19":0,"20":0,"21":0,"22":0,"23":0,"24":0,"25":0,"26":0,"27":0,"28":0,"29":0,"30":0,"31":0,"32":0,"33":0,"34":0,"35":0,"36":0},"f":{"0":0,"1":1,"2":0,"3":0,"4":0,"5":0},"b":{"0":[0,0,0],"1":[0,1],"2":[0,0],"3":[0,0,0],"4":[0,0],"5":[0,0],"6":[0,0],"7":[0,0],"8":[0,0],"9":[0,0]},"_coverageSchema":"1a1c01bbd47fc00a2c39e90264f33305004495a9","hash":"28588604485110013f2c43968b6ca22d6d8f78e0"}
,"/home/thuetzen/playground/lifepoints/frontend/src/utils/xpHelpers.js": {"path":"/home/thuetzen/playground/lifepoints/frontend/src/utils/xpHelpers.js","statementMap":{"0":{"start":{"line":2,"column":41},"end":{"line":7,"column":1}},"1":{"start":{"line":3,"column":17},"end":{"line":3,"column":21}},"2":{"start":{"line":4,"column":27},"end":{"line":4,"column":30}},"3":{"start":{"line":6,"column":2},"end":{"line":6,"column":49}},"4":{"start":{"line":9,"column":32},"end":{"line":22,"column":1}},"5":{"start":{"line":10,"column":14},"end":{"line":10,"column":26}},"6":{"start":{"line":11,"column":11},"end":{"line":11,"column":20}},"7":{"start":{"line":13,"column":17},"end":{"line":13,"column":49}},"8":{"start":{"line":15,"column":2},"end":{"line":19,"column":3}},"9":{"start":{"line":16,"column":4},"end":{"line":16,"column":19}},"10":{"start":{"line":17,"column":4},"end":{"line":17,"column":12}},"11":{"start":{"line":18,"column":4},"end":{"line":18,"column":48}},"12":{"start":{"line":21,"column":2},"end":{"line":21,"column":23}},"13":{"start":{"line":24,"column":32},"end":{"line":27,"column":1}},"14":{"start":{"line":25,"column":16},"end":{"line":25,"column":55}},"15":{"start":{"line":26,"column":2},"end":{"line":26,"column":40}}},"fnMap":{"0":{"name":"(anonymous_0)","decl":{"start":{"line":2,"column":41},"end":{"line":2,"column":42}},"loc":{"start":{"line":2,"column":52},"end":{"line":7,"column":1}},"line":2},"1":{"name":"(anonymous_1)","decl":{"start":{"line":9,"column":32},"end":{"line":9,"column":33}},"loc":{"start":{"line":9,"column":61},"end":{"line":22,"column":1}},"line":9},"2":{"name":"(anonymous_2)","decl":{"start":{"line":24,"column":32},"end":{"line":24,"column":33}},"loc":{"start":{"line":24,"column":61},"end":{"line":27,"column":1}},"line":24}},"branchMap":{},"s":{"0":1,"1":12,"2":12,"3":12,"4":1,"5":3,"6":3,"7":3,"8":3,"9":3,"10":3,"11":3,"12":3,"13":1,"14":4,"15":4},"f":{"0":12,"1":3,"2":4},"b":{},"_coverageSchema":"1a1c01bbd47fc00a2c39e90264f33305004495a9","hash":"0b10a993a5f06b5af2fde262132cdd16c0c91a91"}
}
